1.the superclass "javax.servlet.http.HttpServlet" was not found on the Java Build Path
solution: Buildpath->configrate buildpath ..->librarys->Add library->Server Runtime,add tomcat server library.

2.MESSAGE Using platform encoding (GBK actually) to copy filtered resources
Solution: right click project ->properties->Resource, Text File Encoding:other=UTF-8
http://blog.csdn.net/testcs_dn/article/details/45583791

3.gef installation
http://download.eclipse.org/tools/gef/updates/interim/

4. 目前在线安装svn的版本只有1.6.x和1.8.x,地址分别是：
http://subclipse.tigris.org/update_1.6.x
http://subclipse.tigris.org/update_1.8.x (支持的是Subversion 1.7.x)

5.Using platform encoding (GBK actually) to copy filtered resources, i.e. build is platform dependent!
In pom.xml,add source enconding property.
<properties>
		<project.build.sourceEncoding>
			UTF-8
		</project.build.sourceEncoding>
	</properties>
	<dependencies>
6.Eclipse无法启动报An internal error occurred during: "reload maven project". java.lang.NullPointerExceptio 
delete:
workspace\.metadata\.plugins\org.eclipse.e4.workbench\workbench.xmi
workspace\.metadata\.lock
http://blog.csdn.net/u013066244/article/details/52238409

7.jetty: Unable to locate configuration files of the name struts-plugin.xml, skipping
http://blog.csdn.net/q821424508/article/details/46564347 
		<dependency>
			<groupId>org.apache.struts</groupId>
			<artifactId>struts2-json-plugin</artifactId>
			<version>2.3.32</version>
		</dependency>
8.jetty: There is no Action mapped for namespace [/] and action name [] associated with context path []. - [unknown location]
soluntion:  change the struts url-pattern.
<filter>
		<filter-name>struts2</filter-name>
		<filter-class>org.apache.struts2.dispatcher.ng.filter.StrutsPrepareAndExecuteFilter</filter-class>
	</filter>
	<filter-mapping>
		<filter-name>struts2</filter-name>
		<url-pattern>/*.action</url-pattern>
	</filter-mapping>
改为/*.action

9.struts: org.eclipse.aether.resolution.ArtifactDescriptorException: Failed to read artifact descriptor for org.apache.struts:struts2-core:jar:2.3.32.
root cause: it dueo org.javassist. need exclude it from dependency struts2-core.

http://www.xue163.com/2869/1/28696087.html

10.The path to the driver executable must be set by the webdriver.gecko.driver system property;
Refer:
http://www.cnblogs.com/my-blogs-for-everone/p/5986915.html
Soluction: 
1. download geckodriver from https://github.com/mozilla/geckodriver/releases
2. add code in selenium jave:
System.setProperty("webdriver.firefox.marionette","C:\\Program Files (x86)\\Mozilla Firefox\\geckodriver.exe");

11.[WARNING] The POM for commons-io:commons-io:jar:2.5 is invalid, transitive dependencies (if any) will not be available, enable debug logging for more details.
Solution: add below dependency.
<dependency>    <groupId>commons-io</groupId>    <artifactId>commons-io</artifactId>    <version>2.4</version></dependency>

12. Maven complie [WARNING] 读取D:\.m2\repository\cglib\cglib-nodep\3.2.4\cglib-nodep-3.2.4.jar时出错; invalid LOC header (bad signature)
Solution:
找到该包的目录，删除该包重新下载即可。重新下载后用maven test测试一下，红叉就消失了。

13.Exception in thread "main" java.lang.NoSuchMethodError: com.google.common.collect.ImmutableSet.toImmutableSet()Ljava/util/stream/Collector;
Revise guava dependency:
http://www.boyunjian.com/do/jarse/gadetail.do?group=com.google.guava&artifact=guava-jdk5&keyword=guava-jdk5
<dependency>
    <groupId>com.google.guava</groupId>
    <artifactId>guava-jdk5</artifactId>
    <version>17.0</version>
</dependency>

14. Exception processing async thread queue 
solution: 关掉'expressions'视图, 当'expressions'视图是打开的并且包含与当前无关的会话的'watch expressions'引起。

15.警告: Exception encountered during context initialization - cancelling refresh attempt: org.springframework.beans.factory.BeanCreationException: Error creating bean with name 'fireFoxSelenium' defined in class path resource [applicationContext.xml]: Error setting property values; nested exception is org.springframework.beans.NotWritablePropertyException:
root: the property name in xml is difference with the property in class.
solution: update them as same name.

16.Description Resource Path Location Typecvc-elt.1: Cannot find the declaration of element 'beans'. applicationContext.xml /ichat/src/main/java line 4 XML Problem
Solution: put xmlns in front
<?xml version="1.0" encoding="UTF-8"?>
<beans xmlns="http://www.springframework.org/schema/beans"

17.Java .classpath文件Classpath entry org.maven.eclipse.MAVEN2_CLASSPATH_CONTAINER will not be exported or published异常解决办法
http://www.cnblogs.com/summer-solstice-sea/archive/2016/06/05/5562351.html
1). .classpath
<classpathentry kind="con" path="org.eclipse.m2e.MAVEN2_CLASSPATH_CONTAINER">
                <attributes>
                        <attribute name="maven.pomderived" value="true"/>
                        <attribute name="org.eclipse.jst.component.dependency" value="/WEB-INF/lib"/>
2).然后，在Eclipse项目管理器选种你的项目，右键依次选择Build Path->Configure Build Path－>Order and Export，勾选Maven Dependencies，单击Ok

18. HtmlUnit exception : com.gargoylesoftware.htmlunit.ScriptException: Exception invoking getOffsetHeight
若是在程序中加上禁用Javascript的效果，webClient.getOptions().setJavaScriptEnabled(false);则执行没有问题，所以这个问题是因为HtmlUnit对Javascript的支持不够的原因吗

19.Caused by: org.hibernate.internal.util.config.ConfigurationException: Could not locate cfg.xml resource [hibernate.cfg.xml]
Solution: put hibernate.cfg.xml under src folder.

20.Exception in thread "main" java.lang.NoClassDefFoundError: org/springframework/context/support/ClassPathXmlApplicationContext
        at com.demo.seleniumtest.biz.RunFundSeleniumSpring.runSelenium(RunFundSeleniumSpring.java:14)
        at com.demo.seleniumtest.biz.RunFundSeleniumSpring.main(RunFundSeleniumSpring.java:9)
Caused by: java.lang.ClassNotFoundException: org.springframework.context.support.ClassPathXmlApplicationContext

21.解决eclipse中git插件中的cannot open git-upload-pack问题
打开eclipse中的windows-->Preferences-->Team-->Git-->Configuration-->User Settings.然后点Add Entry新建一个键值对，输入http.sslVerify=false。
http://www.cnblogs.com/yejiurui/p/3386393.html

22.Positional parameter are considered deprecated; use named parameters or JPA-style positional parame
http://blog.csdn.net/steveguoshao/article/details/24414051/

23. Install maven m2e plugin issue
Cannot complete the install because one or more required items could not be found.
  Software being installed: m2e - Maven Integration for Eclipse (includes Incubating components) 1.9.0.20180606-2036 (org.eclipse.m2e.feature.feature.group 1.9.0.20180606-2036)
  Missing requirement: Maven Integration for Eclipse 1.9.0.20180606-2036 (org.eclipse.m2e.core 1.9.0.20180606-2036) requires 'bundle org.eclipse.core.runtime 3.12.0' but it could not be found
  Cannot satisfy dependency:
    From: Maven Integration for Eclipse 1.9.0.20180606-2036 (org.eclipse.m2e.core.ui 1.9.0.20180606-2036)
    To: bundle org.eclipse.m2e.core [1.9.0,1.10.0)
  Cannot satisfy dependency:
    From: m2e - Maven Integration for Eclipse (includes Incubating components) 1.9.0.20180606-2036 (org.eclipse.m2e.feature.feature.group 1.9.0.20180606-2036)
    To: org.eclipse.m2e.core.ui [1.9.0.20180606-2036]

solution: put below jar to folder eclipse\plugins
org.eclipse.core.runtime_3.12.0.v20160606-1342.jar

24.
Cannot complete the install because one or more required items could not be found.
  Software being installed: m2e - slf4j over logback logging (Optional) 1.9.0.20180606-2036 (org.eclipse.m2e.logback.feature.feature.group 1.9.0.20180606-2036)
  Missing requirement: m2e logback configuration 1.9.0.20180606-2036 (org.eclipse.m2e.logback.configuration 1.9.0.20180606-2036) requires 'bundle ch.qos.logback.slf4j 0.9.24' but it could not be found
  Cannot satisfy dependency:
    From: m2e - slf4j over logback logging (Optional) 1.9.0.20180606-2036 (org.eclipse.m2e.logback.feature.feature.group 1.9.0.20180606-2036)
    To: org.eclipse.m2e.logback.configuration [1.9.0.20180606-2036]
    
25. Run as => Maven install error
[INFO] Scanning for projects...
[INFO]                                                                         
[INFO] ------------------------------------------------------------------------
[INFO] Building blockchain 0.0.1-SNAPSHOT
[INFO] ------------------------------------------------------------------------
[INFO] Downloading: http://repository.jboss.org/nexus/content/groups/public/org/apache/maven/plugins/maven-resources-plugin/2.6/maven-resources-plugin-2.6.pom
[INFO] ------------------------------------------------------------------------
[INFO] BUILD FAILURE
[INFO] ------------------------------------------------------------------------
[INFO] Total time: 2.180 s
[INFO] Finished at: 2018-08-22T18:42:41+08:00
[INFO] Final Memory: 3M/120M
[INFO] ------------------------------------------------------------------------
[ERROR] Plugin org.apache.maven.plugins:maven-resources-plugin:2.6 or one of its dependencies could not be resolved: Failed to read artifact descriptor for org.apache.maven.plugins:maven-resources-plugin:jar:2.6: Could not transfer artifact org.apache.maven.plugins:maven-resources-plugin:pom:2.6 from/to jboss-public-repository-group (http://repository.jboss.org/nexus/content/groups/public): Connect to repository.jboss.org:80 [repository.jboss.org/209.132.182.97] failed: Connection refused: connect -> [Help 1]
[ERROR] 
[ERROR] To see the full stack trace of the errors, re-run Maven with the -e switch.
[ERROR] Re-run Maven using the -X switch to enable full debug logging.
[ERROR] 
[ERROR] For more information about the errors and possible solutions, please read the following articles:
[ERROR] [Help 1] http://cwiki.apache.org/confluence/display/MAVEN/PluginResolutionException

Solution: useful mirror, setup in c:\users\<user id>\.m\settings.xml
    <mirror>    
      <id>repo2</id>    
      <mirrorOf>central</mirrorOf>    
      <name>Human Readable Name for this Mirror.</name>    
      <url>http://repo2.maven.org/maven2/</url>    
    </mirror> 

26. Could not find metadata org.apache.maven.archetypes:maven-archetype-quickstart/maven-metadata.xml in
download it: 
http://maven.aliyun.com/mvn/search
install it:
mvn install:install-file -DgroupId=org.apache.maven.archetypes -DartifactId=maven-archetype-quickstart -Dversion=1.1 -Dpackaging=jar -Dfile=maven-archetype-quickstart-1.1.jar

27. If Maven -> update project failed, try : cd project folder(pom.xml), and run mvn insall
